app/build/intermediates/manifest_merge_blame_file/debug/manifest-merger-blame-debug-report.txt
1<?xml version="1.0" encoding="utf-8"?>
2<manifest xmlns:android="http://schemas.android.com/apk/res/android"
3    package="com.example.YourVoice"
4    android:versionCode="1"
5    android:versionName="1.0" >
6
7    <uses-sdk
8        android:minSdkVersion="30"
8-->src\main\AndroidManifest.xml
9        android:targetSdkVersion="25" />
9-->src\main\AndroidManifest.xml
10
11    <uses-permission android:name="android.permission.READ_PHONE_STATE" />
11-->src\main\AndroidManifest.xml:6:5-75
11-->src\main\AndroidManifest.xml:6:22-72
12    <uses-permission android:name="android.permission.SYSTEM_ALERT_WINDOW" />
12-->src\main\AndroidManifest.xml:7:5-78
12-->src\main\AndroidManifest.xml:7:22-75
13    <uses-permission android:name="android.permission.READ_CALL_LOG" />
13-->src\main\AndroidManifest.xml:8:5-72
13-->src\main\AndroidManifest.xml:8:22-69
14    <uses-permission android:name="android.permission.WRITE_EXTERNAL_STORAGE" />
14-->src\main\AndroidManifest.xml:9:5-11:40
14-->src\main\AndroidManifest.xml:10:9-65
15    <uses-permission android:name="android.permission.READ_EXTERNAL_STORAGE" />
15-->src\main\AndroidManifest.xml:12:5-80
15-->src\main\AndroidManifest.xml:12:22-77
16    <uses-permission android:name="android.permission.INTERNET" />
16-->src\main\AndroidManifest.xml:13:5-67
16-->src\main\AndroidManifest.xml:13:22-64
17    <uses-permission android:name="android.permission.RECORD_AUDIO" />
17-->src\main\AndroidManifest.xml:14:5-71
17-->src\main\AndroidManifest.xml:14:22-68
18    <uses-permission android:name="android.permission.MANAGE_EXTERNAL_STORAGE" />
18-->src\main\AndroidManifest.xml:15:5-16:40
18-->src\main\AndroidManifest.xml:15:22-79
19    <uses-permission android:name="android.permission.ADD_VOICEMAIL" />
19-->src\main\AndroidManifest.xml:17:5-71
19-->src\main\AndroidManifest.xml:17:22-69
20
21    <application
21-->src\main\AndroidManifest.xml:20:5-66:19
22        android:allowBackup="true"
22-->src\main\AndroidManifest.xml:22:9-35
23        android:appComponentFactory="androidx.core.app.CoreComponentFactory"
23-->[androidx.core:core:1.8.0] AndroidManifest.xml:24:18-86
24        android:dataExtractionRules="@xml/data_extraction_rules"
24-->src\main\AndroidManifest.xml:23:9-65
25        android:debuggable="true"
26        android:extractNativeLibs="false"
27        android:fullBackupContent="@xml/backup_rules"
27-->src\main\AndroidManifest.xml:24:9-54
28        android:icon="@mipmap/ic_logo"
28-->src\main\AndroidManifest.xml:25:9-39
29        android:label="@string/app_name"
29-->src\main\AndroidManifest.xml:26:9-41
30        android:requestLegacyExternalStorage="true"
30-->src\main\AndroidManifest.xml:21:9-52
31        android:roundIcon="@mipmap/ic_logo_round"
31-->src\main\AndroidManifest.xml:27:9-50
32        android:supportsRtl="true"
32-->src\main\AndroidManifest.xml:28:9-35
33        android:testOnly="true"
34        android:theme="@style/Theme.YourVoice" >
34-->src\main\AndroidManifest.xml:29:9-47
35        <receiver
35-->src\main\AndroidManifest.xml:31:9-35:40
36            android:name="com.example.YourVoice.IncomingCallBroadcastReceiver"
36-->src\main\AndroidManifest.xml:31:19-64
37            android:exported="true" >
37-->src\main\AndroidManifest.xml:32:13-36
38            <intent-filter>
38-->src\main\AndroidManifest.xml:33:13-35:29
39                <action android:name="android.intent.action.PHONE_STATE" />
39-->src\main\AndroidManifest.xml:34:17-75
39-->src\main\AndroidManifest.xml:34:25-73
40            </intent-filter>
41        </receiver>
42
43        <service android:name="com.example.YourVoice.CallingService" />
43-->src\main\AndroidManifest.xml:36:9-50
43-->src\main\AndroidManifest.xml:36:18-48
44
45        <activity
45-->src\main\AndroidManifest.xml:38:9-40:40
46            android:name="com.example.YourVoice.GoogleSTTActivity"
46-->src\main\AndroidManifest.xml:39:13-46
47            android:exported="false" />
47-->src\main\AndroidManifest.xml:40:13-37
48        <activity
48-->src\main\AndroidManifest.xml:41:9-43:39
49            android:name="com.example.YourVoice.login.LoginActivity"
49-->src\main\AndroidManifest.xml:42:13-48
50            android:exported="true" />
50-->src\main\AndroidManifest.xml:43:13-36
51        <activity
51-->src\main\AndroidManifest.xml:44:9-46:39
52            android:name="com.example.YourVoice.login.JoinActivity"
52-->src\main\AndroidManifest.xml:45:13-47
53            android:exported="true" />
53-->src\main\AndroidManifest.xml:46:13-36
54        <activity
54-->src\main\AndroidManifest.xml:47:9-56:20
55            android:name="com.example.YourVoice.SplashScreen"
55-->src\main\AndroidManifest.xml:48:13-41
56            android:exported="true"
56-->src\main\AndroidManifest.xml:49:13-36
57            android:theme="@style/SplashTheme" >
57-->src\main\AndroidManifest.xml:50:13-47
58            <intent-filter>
58-->src\main\AndroidManifest.xml:51:13-55:29
59                <action android:name="android.intent.action.MAIN" />
59-->src\main\AndroidManifest.xml:52:17-69
59-->src\main\AndroidManifest.xml:52:25-66
60
61                <category android:name="android.intent.category.LAUNCHER" />
61-->src\main\AndroidManifest.xml:54:17-77
61-->src\main\AndroidManifest.xml:54:27-74
62            </intent-filter>
63        </activity>
64        <activity
64-->src\main\AndroidManifest.xml:57:9-59:39
65            android:name="com.example.YourVoice.MainActivity"
65-->src\main\AndroidManifest.xml:58:13-41
66            android:exported="true" />
66-->src\main\AndroidManifest.xml:59:13-36
67        <activity
67-->src\main\AndroidManifest.xml:60:9-63:54
68            android:name="com.example.YourVoice.login.RegisterActivity"
68-->src\main\AndroidManifest.xml:61:13-51
69            android:exported="true"
69-->src\main\AndroidManifest.xml:62:13-36
70            android:theme="@style/Theme.YourVoice" />
70-->src\main\AndroidManifest.xml:63:13-51
71
72        <provider
72-->[androidx.emoji2:emoji2:1.2.0] AndroidManifest.xml:24:9-32:20
73            android:name="androidx.startup.InitializationProvider"
73-->[androidx.emoji2:emoji2:1.2.0] AndroidManifest.xml:25:13-67
74            android:authorities="com.example.YourVoice.androidx-startup"
74-->[androidx.emoji2:emoji2:1.2.0] AndroidManifest.xml:26:13-68
75            android:exported="false" >
75-->[androidx.emoji2:emoji2:1.2.0] AndroidManifest.xml:27:13-37
76            <meta-data
76-->[androidx.emoji2:emoji2:1.2.0] AndroidManifest.xml:29:13-31:52
77                android:name="androidx.emoji2.text.EmojiCompatInitializer"
77-->[androidx.emoji2:emoji2:1.2.0] AndroidManifest.xml:30:17-75
78                android:value="androidx.startup" />
78-->[androidx.emoji2:emoji2:1.2.0] AndroidManifest.xml:31:17-49
79            <meta-data
79-->[androidx.lifecycle:lifecycle-process:2.4.1] AndroidManifest.xml:31:13-33:52
80                android:name="androidx.lifecycle.ProcessLifecycleInitializer"
80-->[androidx.lifecycle:lifecycle-process:2.4.1] AndroidManifest.xml:32:17-78
81                android:value="androidx.startup" />
81-->[androidx.lifecycle:lifecycle-process:2.4.1] AndroidManifest.xml:33:17-49
82        </provider>
83
84        <uses-library
84-->[androidx.window:window:1.0.0] AndroidManifest.xml:25:9-27:40
85            android:name="androidx.window.extensions"
85-->[androidx.window:window:1.0.0] AndroidManifest.xml:26:13-54
86            android:required="false" />
86-->[androidx.window:window:1.0.0] AndroidManifest.xml:27:13-37
87        <uses-library
87-->[androidx.window:window:1.0.0] AndroidManifest.xml:28:9-30:40
88            android:name="androidx.window.sidecar"
88-->[androidx.window:window:1.0.0] AndroidManifest.xml:29:13-51
89            android:required="false" />
89-->[androidx.window:window:1.0.0] AndroidManifest.xml:30:13-37
90    </application>
91
92</manifest>